<?xml version="1.0" encoding="UTF-8"?>
<testng-results skipped="0" failed="0" ignored="0" total="2" passed="2">
  <reporter-output>
  </reporter-output>
  <suite name="Default suite" duration-ms="19765" started-at="2018-09-14T10:13:01Z" finished-at="2018-09-14T10:13:21Z">
    <groups>
    </groups>
    <test name="Default test" duration-ms="19765" started-at="2018-09-14T10:13:01Z" finished-at="2018-09-14T10:13:21Z">
      <class name="examples.Exercise3">
        <test-method status="PASS" signature="setup()[pri:0, instance:examples.Exercise3@cb5822]" name="setup" is-config="true" duration-ms="3992" started-at="2018-09-14T10:13:01Z" finished-at="2018-09-14T10:13:05Z">
          <reporter-output>
          </reporter-output>
        </test-method> <!-- setup -->
        <test-method status="PASS" signature="getLinks()[pri:0, instance:examples.Exercise3@cb5822]" name="getLinks" duration-ms="5247" started-at="2018-09-14T10:13:05Z" finished-at="2018-09-14T10:13:10Z">
          <reporter-output>
          </reporter-output>
        </test-method> <!-- getLinks -->
        <test-method status="PASS" signature="close()[pri:0, instance:examples.Exercise3@cb5822]" name="close" is-config="true" duration-ms="2091" started-at="2018-09-14T10:13:10Z" finished-at="2018-09-14T10:13:12Z">
          <reporter-output>
          </reporter-output>
        </test-method> <!-- close -->
        <test-method status="PASS" signature="setup()[pri:0, instance:examples.Exercise3@cb5822]" name="setup" is-config="true" duration-ms="2793" started-at="2018-09-14T10:13:12Z" finished-at="2018-09-14T10:13:15Z">
          <reporter-output>
          </reporter-output>
        </test-method> <!-- setup -->
        <test-method status="PASS" signature="linkTest()[pri:0, instance:examples.Exercise3@cb5822]" name="linkTest" duration-ms="3528" started-at="2018-09-14T10:13:15Z" finished-at="2018-09-14T10:13:18Z">
          <reporter-output>
          </reporter-output>
        </test-method> <!-- linkTest -->
        <test-method status="PASS" signature="close()[pri:0, instance:examples.Exercise3@cb5822]" name="close" is-config="true" duration-ms="2085" started-at="2018-09-14T10:13:18Z" finished-at="2018-09-14T10:13:21Z">
          <reporter-output>
          </reporter-output>
        </test-method> <!-- close -->
      </class> <!-- examples.Exercise3 -->
    </test> <!-- Default test -->
  </suite> <!-- Default suite -->
</testng-results>
